<?xml version="1.0" encoding="UTF-8"?>
<!-- Generated by org.testng.reporters.JUnitReportReporter -->
<testsuite hostname="Nishants-MacBook-Pro-2.local" failures="0" tests="1" name="usefulMethods.GenericElementListDemo" time="11.908" errors="0" timestamp="2022-06-15T14:38:07 IST" skipped="0">
  <testcase classname="usefulMethods.GenericElementListDemo" name="f" time="11.908"/>
  <system-out/>
</testsuite> <!-- usefulMethods.GenericElementListDemo -->
