<?xml version="1.0" encoding="UTF-8"?>
<!-- Generated by org.testng.reporters.JUnitReportReporter -->
<testsuite hostname="Nishants-MacBook-Pro-2.local" failures="0" tests="1" name="usefulMethods.GenericMethodDemo" time="9.486" errors="0" timestamp="2022-06-15T14:11:51 IST" skipped="0">
  <testcase classname="usefulMethods.GenericMethodDemo" name="f" time="9.486"/>
  <system-out/>
</testsuite> <!-- usefulMethods.GenericMethodDemo -->
