<?xml version="1.0" encoding="UTF-8"?>
<!-- Generated by org.testng.reporters.JUnitReportReporter -->
<testsuite hostname="Nishants-MacBook-Pro-2.local" failures="0" tests="1" name="scrollDemo.ScrollUpAndDown" time="12.225" errors="0" timestamp="2022-07-05T17:44:02 IST" skipped="0">
  <testcase classname="scrollDemo.ScrollUpAndDown" name="scrollUpAndDown" time="12.225"/>
  <system-out/>
</testsuite> <!-- scrollDemo.ScrollUpAndDown -->
