<?xml version="1.0" encoding="UTF-8"?>
<!-- Generated by org.testng.reporters.JUnitReportReporter -->
<testsuite hostname="Nishants-MacBook-Pro-2.local" failures="0" tests="1" name="assertion.assertDemo" time="1.422" errors="0" timestamp="2022-06-19T14:22:26 IST" skipped="0">
  <testcase classname="assertion.assertDemo" name="f" time="1.422"/>
  <system-out/>
</testsuite> <!-- assertion.assertDemo -->
