<?xml version="1.0" encoding="UTF-8"?>
<!-- Generated by org.testng.reporters.JUnitReportReporter -->
<testsuite hostname="Nishants-MacBook-Pro-2.local" failures="0" tests="3" name="testNGListeners.TestNGListenersDemo" time="7.707" errors="0" timestamp="2022-06-23T18:05:01 IST" skipped="1">
  <testcase classname="testNGListeners.TestNGListenersDemo" name="test5" time="7.696"/>
  <system-out/>
  <testcase classname="testNGListeners.TestNGListenersDemo" name="test6" time="0.003">
    <skipped/>
  </testcase> <!-- test6 -->
  <system-out/>
  <testcase classname="testNGListeners.TestNGListenersDemo" name="test4" time="0.008"/>
  <system-out/>
</testsuite> <!-- testNGListeners.TestNGListenersDemo -->
