<?xml version="1.0" encoding="UTF-8"?>
<!-- Generated by org.testng.reporters.JUnitReportReporter -->
<testsuite hostname="Nishants-MacBook-Pro-2.local" failures="0" tests="1" name="waitTypes.ExplicitWaitDemo" time="11.938" errors="0" timestamp="2022-06-15T17:27:01 IST" skipped="0">
  <testcase classname="waitTypes.ExplicitWaitDemo" name="f" time="11.938"/>
  <system-out/>
</testsuite> <!-- waitTypes.ExplicitWaitDemo -->
