<?xml version="1.0" encoding="UTF-8"?>
<!-- Generated by org.testng.reporters.JUnitReportReporter -->
<testsuite hostname="Nishants-MacBook-Pro-2.local" failures="0" tests="1" name="handleWindow.SwitchiFrame" time="18.527" errors="0" timestamp="2022-07-05T20:01:20 IST" skipped="0">
  <testcase classname="handleWindow.SwitchiFrame" name="test" time="18.527"/>
  <system-out/>
</testsuite> <!-- handleWindow.SwitchiFrame -->
