<?xml version="1.0" encoding="UTF-8"?>
<!-- Generated by org.testng.reporters.JUnitReportReporter -->
<testsuite hostname="Nishants-MacBook-Pro-2.local" failures="0" tests="1" name="waitTypes.ExplicitWaitUtilitiesDemo" time="11.494" errors="0" timestamp="2022-06-16T13:27:56 IST" skipped="0">
  <testcase classname="waitTypes.ExplicitWaitUtilitiesDemo" name="f" time="11.494"/>
  <system-out/>
</testsuite> <!-- waitTypes.ExplicitWaitUtilitiesDemo -->
