<?xml version="1.0" encoding="UTF-8"?>
<!-- Generated by org.testng.reporters.JUnitReportReporter -->
<testsuite hostname="Nishants-MacBook-Pro-2.local" failures="0" tests="1" name="handleCalender.SelectDate" time="13.167" errors="0" timestamp="2022-06-16T16:53:47 IST" skipped="0">
  <testcase classname="handleCalender.SelectDate" name="g" time="13.167"/>
  <system-out/>
</testsuite> <!-- handleCalender.SelectDate -->
