<?xml version="1.0" encoding="UTF-8"?>
<!-- Generated by org.testng.reporters.JUnitReportReporter -->
<testsuite hostname="Nishants-MacBook-Pro-2.local" failures="0" tests="1" name="usefulMethods.isElementPresentDemo" time="22.718" errors="0" timestamp="2022-06-15T16:12:20 IST" skipped="0">
  <testcase classname="usefulMethods.isElementPresentDemo" name="f" time="22.718"/>
  <system-out/>
</testsuite> <!-- usefulMethods.isElementPresentDemo -->
