<?xml version="1.0" encoding="UTF-8"?>
<!-- Generated by org.testng.reporters.JUnitReportReporter -->
<testsuite hostname="Nishants-MacBook-Pro-2.local" failures="0" tests="2" name="alert.SwitchAlert" time="6.483" errors="0" timestamp="2022-07-05T20:20:24 IST" skipped="0">
  <testcase classname="alert.SwitchAlert" name="test1" time="3.306"/>
  <system-out/>
  <testcase classname="alert.SwitchAlert" name="test2" time="3.177"/>
  <system-out/>
</testsuite> <!-- alert.SwitchAlert -->
