<?xml version="1.0" encoding="UTF-8"?>
<!-- Generated by org.testng.reporters.JUnitReportReporter -->
<testsuite hostname="Nishants-MacBook-Pro-2.local" failures="0" tests="1" name="scrollDemo.ScrollView" time="9.285" errors="0" timestamp="2022-06-21T20:21:58 IST" skipped="0">
  <testcase classname="scrollDemo.ScrollView" name="scrollDemo" time="9.285"/>
  <system-out/>
</testsuite> <!-- scrollDemo.ScrollView -->
