<?xml version="1.0" encoding="UTF-8"?>
<!-- Generated by org.testng.reporters.JUnitReportReporter -->
<testsuite hostname="Nishants-MacBook-Pro-2.local" failures="0" tests="1" name="webDriver.SelectMethod" time="18.470" errors="0" timestamp="2022-06-26T22:55:41 IST" skipped="0">
  <testcase classname="webDriver.SelectMethod" name="test" time="18.470"/>
  <system-out/>
</testsuite> <!-- webDriver.SelectMethod -->
