<?xml version="1.0" encoding="UTF-8"?>
<!-- Generated by org.testng.reporters.JUnitReportReporter -->
<testsuite hostname="Nishants-MacBook-Pro-2.local" failures="0" tests="1" name="testCases.verifyLoginFlow2" time="5.385" errors="0" timestamp="2022-06-19T20:01:30 IST" skipped="0">
  <testcase classname="testCases.verifyLoginFlow2" name="loginFb" time="5.385"/>
  <system-out/>
</testsuite> <!-- testCases.verifyLoginFlow2 -->
