<?xml version="1.0" encoding="UTF-8"?>
<!-- Generated by org.testng.reporters.JUnitReportReporter -->
<testsuite hostname="Nishants-MacBook-Pro-2.local" failures="0" tests="1" name="handleCalender.AutocompleteDemo" time="8.398" errors="0" timestamp="2022-06-18T00:00:23 IST" skipped="0">
  <testcase classname="handleCalender.AutocompleteDemo" name="f" time="8.398"/>
  <system-out/>
</testsuite> <!-- handleCalender.AutocompleteDemo -->
