<?xml version="1.0" encoding="UTF-8"?>
<!-- Generated by org.testng.reporters.JUnitReportReporter -->
<testsuite hostname="Nishants-MacBook-Pro-2.local" failures="0" tests="1" name="webDriver.ScrollPage" time="10.263" errors="0" timestamp="2022-06-21T18:12:48 IST" skipped="0">
  <testcase classname="webDriver.ScrollPage" name="scrollPageDown" time="10.263"/>
  <system-out/>
</testsuite> <!-- webDriver.ScrollPage -->
