<?xml version="1.0" encoding="UTF-8"?>
<!-- Generated by org.testng.reporters.JUnitReportReporter -->
<testsuite hostname="Nishants-MacBook-Pro-2.local" failures="0" tests="1" name="usefulMethods.GetAttributeDemo" time="0.081" errors="0" timestamp="2022-06-15T13:09:11 IST" skipped="0">
  <testcase classname="usefulMethods.GetAttributeDemo" name="f" time="0.081"/>
  <system-out/>
</testsuite> <!-- usefulMethods.GetAttributeDemo -->
