<?xml version="1.0" encoding="UTF-8"?>
<!-- Generated by org.testng.reporters.JUnitReportReporter -->
<testsuite hostname="Nishants-MacBook-Pro-2.local" failures="0" tests="1" name="handleWindow.Windows" time="33.749" errors="0" timestamp="2022-06-21T18:23:33 IST" skipped="0">
  <testcase classname="handleWindow.Windows" name="SwitchToWindows" time="33.749"/>
  <system-out/>
</testsuite> <!-- handleWindow.Windows -->
