<?xml version="1.0" encoding="UTF-8"?>
<!-- Generated by org.testng.reporters.JUnitReportReporter -->
<testsuite hostname="Nishants-MacBook-Pro-2.local" failures="0" tests="1" name="screenshots.ScreenshotDemo" time="3.017" errors="0" timestamp="2022-06-18T12:35:31 IST" skipped="0">
  <testcase classname="screenshots.ScreenshotDemo" name="f" time="3.017"/>
  <system-out/>
</testsuite> <!-- screenshots.ScreenshotDemo -->
