<?xml version="1.0" encoding="UTF-8"?>
<!-- Generated by org.testng.reporters.JUnitReportReporter -->
<testsuite hostname="Nishants-MacBook-Pro.local" failures="0" tests="2" name="alert.SwitchAlert" time="6.458" errors="0" timestamp="2022-07-10T16:26:59 IST" skipped="0">
  <testcase classname="alert.SwitchAlert" name="test2" time="3.161"/>
  <system-out/>
  <testcase classname="alert.SwitchAlert" name="test1" time="3.297"/>
  <system-out/>
</testsuite> <!-- alert.SwitchAlert -->
