<?xml version="1.0" encoding="UTF-8"?>
<!-- Generated by org.testng.reporters.JUnitReportReporter -->
<testsuite hostname="Nishants-MacBook-Pro-2.local" failures="0" tests="1" name="handleWindow.SwitchWindow" time="17.541" errors="0" timestamp="2022-07-05T19:41:37 IST" skipped="0">
  <testcase classname="handleWindow.SwitchWindow" name="test" time="17.541"/>
  <system-out/>
</testsuite> <!-- handleWindow.SwitchWindow -->
