<?xml version="1.0" encoding="UTF-8"?>
<!-- Generated by org.testng.reporters.JUnitReportReporter -->
<testsuite hostname="Nishants-MacBook-Pro-2.local" failures="0" tests="4" name="parallerBrowser.MultiBrowserDemo" time="6.745" errors="0" timestamp="2022-07-06T15:10:29 IST" skipped="0">
  <testcase classname="parallerBrowser.MultiBrowserDemo" name="test2" time="0.001"/>
  <system-out/>
  <testcase classname="parallerBrowser.MultiBrowserDemo" name="test1" time="1.549"/>
  <system-out/>
  <testcase classname="parallerBrowser.MultiBrowserDemo" name="test1" time="5.192"/>
  <system-out/>
  <testcase classname="parallerBrowser.MultiBrowserDemo" name="test2" time="0.003"/>
  <system-out/>
</testsuite> <!-- parallerBrowser.MultiBrowserDemo -->
